[2025-04-07T13:33:34.173Z] INFO: Send user email test123@example.com
[2025-04-07T13:33:34.471Z] INFO: Send user email test123444@example.com
[2025-04-07T13:33:34.554Z] INFO: Send user email test123444@example.com
[2025-04-07T13:37:09.221Z] INFO: Send user email test123@example.com
[2025-04-07T13:37:09.611Z] INFO: Send user email test123444@example.com
[2025-04-07T13:37:09.697Z] INFO: Send user email test123444@example.com
[2025-04-07T13:39:45.934Z] INFO: Send user email test123@example.com
[2025-04-07T13:39:46.236Z] INFO: Send user email test123444@example.com
[2025-04-07T13:39:46.312Z] INFO: Send user email test123444@example.com
[2025-04-07T13:41:47.243Z] INFO: Send user email test123@example.com
[2025-04-07T13:41:47.576Z] INFO: Send user email test123444@example.com
[2025-04-07T13:41:47.657Z] INFO: Send user email test123444@example.com
[2025-04-07T13:42:17.470Z] INFO: Send user email test123@example.com
[2025-04-07T13:42:17.549Z] INFO: Jwt token received
[2025-04-07T13:42:17.557Z] INFO: Jwt token is  valid
[2025-04-07T13:42:17.806Z] INFO: Send user email test123444@example.com
[2025-04-07T13:42:17.885Z] INFO: Send user email test123444@example.com
[2025-04-07T13:46:10.005Z] INFO: Send user email test123444@example.com
[2025-04-07T13:46:10.083Z] INFO: Send user email test123444@example.com
[2025-04-07T13:46:54.831Z] INFO: Send user email test123444@example.com
[2025-04-07T13:46:54.874Z] INFO: Send user email test123@example.com
[2025-04-07T13:46:54.915Z] INFO: Send user email test123444@example.com
[2025-04-07T13:46:54.955Z] INFO: Jwt token received
[2025-04-07T13:46:54.958Z] INFO: Jwt token is  valid
[2025-04-07T13:47:50.452Z] INFO: Send user email sajith4@example.com
[2025-04-07T13:47:50.499Z] INFO: Send user email pramod@example.com
[2025-04-07T13:47:50.535Z] INFO: Send user email sajith4@example.com
[2025-04-07T13:47:50.580Z] INFO: Jwt token received
[2025-04-07T13:47:50.582Z] INFO: Jwt token is  valid
